11:35:24,background job nzr, started,77954
11:35:38,background job lcb, started,19385
11:36:20,scheduled task 931, started,26807
11:36:47,scheduled task 093, started,12450
11:37:06,scheduled task 598, started,43108
11:37:40,background job nzr,finished,77954
11:38:24,background job lcb,finished,19385
11:38:58,scheduled task 598,finished,43108
11:38:59,scheduled task 224, started,80123
11:39:19,scheduled task 224,finished,80123
11:39:48,scheduled task 126, started,86775
11:40:28,scheduled task 359, started,60039
11:41:08,background job yfa, started,30513
11:41:39,scheduled task 093,finished,12450
11:42:15,scheduled task 653, started,78456
11:43:07,scheduled task 912, started,32773
11:43:19,scheduled task 490, started,66006
11:43:52,scheduled task 931,finished,26807
11:44:18,scheduled task 653,finished,78456
11:45:06,scheduled task 912,finished,32773
11:45:12,scheduled task 599, started,50785
11:45:40,scheduled task 475, started,41520
11:46:28,scheduled task 869, started,69276
11:46:53,scheduled task 359,finished,60039
11:47:00,scheduled task 855, started,87013
11:47:49,background job lfo, started,35654
11:48:32,scheduled task 267, started,16091
11:49:19,scheduled task 267,finished,16091
11:50:18,background job yfa,finished,30513
11:51:13,scheduled task 126,finished,86775
11:51:48,scheduled task 869,finished,69276
11:52:47,scheduled task 480, started,62432
11:53:07,background job qhk, started,18035
11:54:06,scheduled task 139, started,76513
11:54:15,scheduled task 920, started,13149
11:54:34,background job hng, started,98181
11:54:56,scheduled task 751, started,54124
11:55:22,background job whz, started,97326
11:55:47,scheduled task 767, started,93564
11:56:34,background job umn, started,39462
11:56:59,background job qhk,finished,18035
11:57:56,scheduled task 855,finished,87013
11:58:22,scheduled task 523, started,48175
11:59:21,background job nth, started,51802
11:59:59,background job gfb, started,84152
12:00:57,scheduled task 476, started,10796
12:01:11,scheduled task 599,finished,50785
12:01:19,background job xve, started,40191
12:02:17,background job jwf, started,31301
12:02:27,scheduled task 313, started,88578
12:03:05,scheduled task 767,finished,93564
12:03:48,scheduled task 920,finished,13149
12:04:40,scheduled task 072, started,50823
12:05:30,scheduled task 655, started,19739
12:05:45,background job jwf,finished,31301
12:06:22,background job vck, started,62027
12:07:06,scheduled task 070, started,44878
12:07:57,scheduled task 523,finished,48175
12:08:31,scheduled task 619, started,65885
12:08:52,scheduled task 389, started,76694
12:09:20,scheduled task 139,finished,76513
12:09:26,background job xve,finished,40191
12:09:59,scheduled task 475,finished,41520
12:10:14,scheduled task 262, started,90774
12:11:14,scheduled task 449, started,17723
12:11:27,scheduled task 289, started,97201
12:12:10,background job tnc, started,82919
12:13:03,background job bcr, started,24062
12:13:27,background job teo, started,45715
12:13:44,scheduled task 468, started,68745
12:14:07,background job lfo,finished,35654
12:14:23,scheduled task 313,finished,88578
12:15:10,background job sgo, started,29612
12:15:19,scheduled task 655,finished,19739
12:15:28,scheduled task 152, started,70790
12:16:17,scheduled task 449,finished,17723
12:16:34,background job tyf, started,77043
12:16:59,background job zqq, started,49003
12:17:38,scheduled task 401, started,60827
12:17:56,scheduled task 476,finished,10796
12:18:33,scheduled task 964, started,18633
12:19:03,scheduled task 389,finished,76694
12:19:31,background job sgo,finished,29612
12:20:10,background job umn,finished,39462
12:21:06,background job gfb,finished,84152
12:21:13,background job wfg, started,14137
12:21:25,background job kao, started,11142
12:22:14,scheduled task 964,finished,18633
12:22:49,scheduled task 152,finished,70790
12:23:44,background job kao,finished,11142
12:24:04,background job mgo, started,98242
12:24:45,scheduled task 137, started,99782
12:25:32,scheduled task 484, started,72020
12:26:04,scheduled task 574, started,73525
12:26:36,scheduled task 468,finished,68745
12:26:43,scheduled task 401,finished,60827
12:27:00,background job hng,finished,98181
12:27:32,background job wfg,finished,14137
12:27:47,scheduled task 196, started,99684
12:28:35,background job vck,finished,62027
