11:35:032, background job lxp started, 82169
11:35:039, background job lxp finished, 82169
11:36:011, background job ovv started, 36940
11:36:044, background job ovv finished, 36940
11:37:008, scheduled task 664 started, 99617
11:37:027, background job dtp started, 36190
11:37:040, scheduled task 137 started, 52942
11:37:042, scheduled task 664 finished, 99617
11:38:031, background job dtp finished, 36190
11:39:013, scheduled task 137 finished, 52942
11:39:049, scheduled task 359 started, 50839
11:39:051, scheduled task 056 started, 54862
11:39:056, scheduled task 056 finished, 54862
11:40:012, background job xlw started, 27328
11:40:056, background job scw started, 30448
11:41:016, scheduled task 055 started, 19206
11:41:021, scheduled task 636 started, 26685
11:41:051, scheduled task 322 started, 26780
11:42:008, scheduled task 610 started, 28905
11:43:002, scheduled task 656 started, 70826
11:43:012, background job lfo started, 34680
11:43:048, background job scw finished, 30448
11:43:059, scheduled task 656 finished, 70826
11:44:042, scheduled task 478 started, 31820
11:45:010, scheduled task 083 started, 69341
11:45:046, scheduled task 597 started, 66524
11:46:036, scheduled task 359 finished, 50839
11:47:000, scheduled task 976 started, 19585
11:47:012, background job htr started, 43359
11:48:005, scheduled task 597 finished, 66524
11:48:016, scheduled task 610 finished, 28905
11:48:038, background job jbc started, 58397
11:48:045, background job ufg started, 93840
11:49:003, background job lnk started, 57304
11:50:002, scheduled task 042 started, 25242
11:50:051, background job vka started, 80684
11:51:005, scheduled task 876 started, 31570
11:51:056, background job xlw finished, 27328
11:52:023, background job vka finished, 80684
11:53:007, scheduled task 215 started, 48557
11:53:016, background job rpp started, 28530
11:54:015, scheduled task 042 finished, 25242
11:55:001, scheduled task 215 finished, 48557
11:55:044, background job htr finished, 43359
11:55:051, scheduled task 322 finished, 26780
11:56:019, scheduled task 697 started, 26837
11:56:050, background job ifw started, 13677
11:57:003, background job lfo finished, 34680
11:57:013, scheduled task 112 started, 26943
11:57:039, background job ufg finished, 93840
11:57:058, scheduled task 478 finished, 31820
11:58:040, background job lnk finished, 57304
11:59:035, background job coq started, 31502
11:59:051, scheduled task 697 finished, 26837
11:59:052, scheduled task 055 finished, 19206
12:00:013, background job rpp finished, 28530
12:01:006, background job ifw finished, 13677
12:02:001, background job coq finished, 31502
12:02:006, scheduled task 242 started, 72761
12:02:044, background job jbc finished, 58397
12:02:056, scheduled task 976 finished, 19585
12:03:032, scheduled task 876 finished, 31570
12:04:005, scheduled task 572 started, 89872
12:04:019, scheduled task 978 started, 59273
12:04:045, scheduled task 978 finished, 59273
12:04:050, scheduled task 636 finished, 26685
12:05:003, scheduled task 426 started, 47174
12:05:043, scheduled task 572 finished, 89872
12:06:036, scheduled task 441 started, 96646
12:07:015, scheduled task 242 finished, 72761
12:07:037, scheduled task 410 started, 29060
12:08:017, scheduled task 426 finished, 47174
12:08:042, scheduled task 384 started, 36696
12:09:021, scheduled task 485 started, 20005
12:09:042, background job you started, 21491
12:09:044, scheduled task 414 started, 63960
12:10:039, scheduled task 083 finished, 69341
12:11:011, background job you finished, 21491
12:11:043, scheduled task 485 finished, 20005
12:12:038, scheduled task 707 started, 23313
12:13:008, scheduled task 158 started, 53533
12:13:056, background job xkw started, 95567
12:14:020, scheduled task 414 finished, 63960
12:14:056, scheduled task 707 finished, 23313
12:15:055, background job oav started, 28002
12:16:015, background job pul started, 43320
12:16:028, scheduled task 158 finished, 53533
12:17:002, background job hqq started, 76659
12:17:049, scheduled task 410 finished, 29060
12:18:039, scheduled task 164 started, 77407
12:19:011, background job hbo started, 17467
12:19:013, background job hqq finished, 76659
12:19:046, background job oav finished, 28002
12:20:039, background job lkh started, 53082
12:20:045, scheduled task 591 started, 11317
12:21:030, background job hbo finished, 17467
12:21:056, scheduled task 887 started, 48364
12:21:058, scheduled task 441 finished, 96646
12:22:026, scheduled task 384 finished, 36696
12:23:022, scheduled task 887 finished, 48364
